<?xml version="1.0" encoding="UTF-8"?>
<!-- Generated by org.testng.reporters.JUnitReportReporter -->
<testsuite skipped="1" hostname="WIN-4T7UHI9AMLK" name="testcases.TestCase3" tests="4" failures="1" timestamp="2020-06-14T11:21:46 EEST" time="0.000" errors="0">
  <testcase name="doUserReg" time="0.000" classname="testcases.TestCase3">
    <failure type="java.lang.AssertionError" message="User is not registered successfully">
      <![CDATA[java.lang.AssertionError: User is not registered successfully
at org.testng.Assert.fail(Assert.java:97)
at testcases.TestCase3.doUserReg(TestCase3.java:16)
at sun.reflect.NativeMethodAccessorImpl.invoke0(Native Method)
at sun.reflect.NativeMethodAccessorImpl.invoke(NativeMethodAccessorImpl.java:62)
at sun.reflect.DelegatingMethodAccessorImpl.invoke(DelegatingMethodAccessorImpl.java:43)
at java.lang.reflect.Method.invoke(Method.java:498)
at org.testng.internal.MethodInvocationHelper.invokeMethod(MethodInvocationHelper.java:134)
at org.testng.internal.TestInvoker.invokeMethod(TestInvoker.java:597)
at org.testng.internal.TestInvoker.invokeTestMethod(TestInvoker.java:173)
at org.testng.internal.MethodRunner.runInSequence(MethodRunner.java:46)
at org.testng.internal.TestInvoker$MethodInvocationAgent.invoke(TestInvoker.java:816)
at org.testng.internal.TestInvoker.invokeTestMethods(TestInvoker.java:146)
at org.testng.internal.TestMethodWorker.invokeTestMethods(TestMethodWorker.java:146)
at org.testng.internal.TestMethodWorker.run(TestMethodWorker.java:128)
at java.util.ArrayList.forEach(ArrayList.java:1257)
at org.testng.TestRunner.privateRun(TestRunner.java:766)
at org.testng.TestRunner.run(TestRunner.java:587)
at org.testng.SuiteRunner.runTest(SuiteRunner.java:384)
at org.testng.SuiteRunner.runSequentially(SuiteRunner.java:378)
at org.testng.SuiteRunner.privateRun(SuiteRunner.java:337)
at org.testng.SuiteRunner.run(SuiteRunner.java:286)
at org.testng.SuiteRunnerWorker.runSuite(SuiteRunnerWorker.java:53)
at org.testng.SuiteRunnerWorker.run(SuiteRunnerWorker.java:96)
at org.testng.TestNG.runSuitesSequentially(TestNG.java:1187)
at org.testng.TestNG.runSuitesLocally(TestNG.java:1109)
at org.testng.TestNG.runSuites(TestNG.java:1039)
at org.testng.TestNG.run(TestNG.java:1007)
at org.testng.IDEARemoteTestNG.run(IDEARemoteTestNG.java:72)
at org.testng.RemoteTestNGStarter.main(RemoteTestNGStarter.java:123)
]]>
    </failure>
  </testcase> <!-- doUserReg -->
  <system-out>
<a href='E:\Photos\photo3.jpg' target='_blank'>Screenshot link </a>  <br> <a href='E:\Photos\photo3.jpg' target='_blank'><img height = 150 width = 200 src='E:\Photos\photo3.jpg'></a>   </system-out>
  <testcase name="doLogin" time="0.000" classname="testcases.TestCase3">
    <skipped/>
  </testcase> <!-- doLogin -->
  <system-out/>
  <testcase name="thirdTest" time="0.000" classname="testcases.TestCase3"/>
  <system-out/>
  <testcase name="fourthTest" time="0.000" classname="testcases.TestCase3"/>
  <system-out/>
</testsuite> <!-- testcases.TestCase3 -->
